Beta 0.0
25.10/2021
zaczęto prace nad stroną ;

Beta 0.1
29.10/2021
- Utworzono wyszukiwarke, pasek szybkiego wyszukiwania, informacje ;

Beta 0.5
01.11/2021
- dodano tłumacz kodu morse'a ;

Beta 0.7
03.11/2021
- dodano kalkulator ;

Indev 1.0 
04.11/2021
- dodano strone główną, panel administatora, panel logowania. Utworzono Index.bat, Index.vbs ;

Indev 1.1
07.11/2021
- dodano unins.bat
- usunięto pasek polecanych na stronach innych niż wyszukiwarka

Indev 1.2
09.11/2021
- usunięto aplikacje z paska
- dodano zakładke aplikacje

RainbowSpace Beta 1.0
25.11/2021
- Całkowita przebudowa stron
- uaktualnienie skryptów
- miesiąc prac!
- utworzono nazwe
- dodano metronom
- rozpoczecie prac nad spolecznoscia

RainbowSpace 1.0
16.12/2021
- ukonczenie prac nad spolecznoscia
- usunięto unins.bat
- zakładka projekty
- social credit test
- w końcu pełna wersja!
- RainbowSpace websiteMaker